0 info it worked if it ends with ok
1 verbose cli [ '/usr/local/bin/node', '/usr/local/bin/npm', 'publish' ]
2 info using npm@3.5.2
3 info using node@v5.0.0
4 verbose publish [ '.' ]
5 silly cache add args [ '.', null ]
6 verbose cache add spec .
7 silly cache add parsed spec Result {
7 silly cache add   raw: '.',
7 silly cache add   scope: null,
7 silly cache add   name: null,
7 silly cache add   rawSpec: '.',
7 silly cache add   spec: '/Users/jgladch/projects/chesstron',
7 silly cache add   type: 'directory' }
8 verbose addLocalDirectory /Users/jgladch/.npm/chesstron/1.0.4/package.tgz not in flight; packing
9 info lifecycle chesstron@1.0.4~prepublish: chesstron@1.0.4
10 silly lifecycle chesstron@1.0.4~prepublish: no script for prepublish, continuing
11 verbose tar pack [ '/Users/jgladch/.npm/chesstron/1.0.4/package.tgz',
11 verbose tar pack   '/Users/jgladch/projects/chesstron' ]
12 verbose tarball /Users/jgladch/.npm/chesstron/1.0.4/package.tgz
13 verbose folder /Users/jgladch/projects/chesstron
14 verbose addLocalTarball adding from inside cache /Users/jgladch/.npm/chesstron/1.0.4/package.tgz
15 silly cache afterAdd chesstron@1.0.4
16 verbose afterAdd /Users/jgladch/.npm/chesstron/1.0.4/package/package.json not in flight; writing
17 verbose afterAdd /Users/jgladch/.npm/chesstron/1.0.4/package/package.json written
18 silly publish { name: 'chesstron',
18 silly publish   version: '1.0.4',
18 silly publish   description: 'Stockfish-powered Node Chess CLI Tool',
18 silly publish   main: 'index.js',
18 silly publish   bin: { chesstron: 'index.js' },
18 silly publish   scripts: { postinstall: 'npm link --local babel-cli && npm link --local chesstron' },
18 silly publish   author: { name: 'Jeff Gladchun', email: 'jeffgladchun@gmail.com' },
18 silly publish   repository:
18 silly publish    { type: 'git',
18 silly publish      url: 'git+https://github.com/jgladch/chesstron.git' },
18 silly publish   license: 'ISC',
18 silly publish   dependencies:
18 silly publish    { babel: '^6.3.13',
18 silly publish      'babel-cli': '^6.3.17',
18 silly publish      'babel-core': '^6.3.17',
18 silly publish      'babel-preset-es2015': '^6.3.13',
18 silly publish      chalk: '^1.1.1',
18 silly publish      figlet: '^1.1.1',
18 silly publish      inquirer: '^0.11.0',
18 silly publish      lodash: '^3.10.1',
18 silly publish      progress: '^1.1.8',
18 silly publish      stockfish: '^6.0.5' },
18 silly publish   readme: '# Chesstron\n### Stockfish powered Node chess engine interface\n\n![Chesstron](http://cdn.c.photoshelter.com/img-get/I00009AJpRu9Jff8/s/900/russia-moscow-chess-robots-ru191697.jpg "Chesstron")\n\nTo clone repo for development:\n\n`git clone https://github.com/jgladch/chesstron.git`\n\n`npm install`\n\n`chesstron`\n\nTo download CLI tool for use (Coming soon!):\n\n`npm install -g chesstron`\n\n`chesstron`\n\n### Contributing\n\nPull requests will be accepted',
18 silly publish   readmeFilename: 'Readme.md',
18 silly publish   gitHead: '60832e869dd0a1f8cf0aa2394d0f12e9f15088b5',
18 silly publish   bugs: { url: 'https://github.com/jgladch/chesstron/issues' },
18 silly publish   homepage: 'https://github.com/jgladch/chesstron#readme',
18 silly publish   _id: 'chesstron@1.0.4',
18 silly publish   _shasum: '2d6757904e515cba653e268d123beab00d01a17b',
18 silly publish   _from: '.' }
19 verbose getPublishConfig undefined
20 silly mapToRegistry name chesstron
21 silly mapToRegistry using default registry
22 silly mapToRegistry registry https://registry.npmjs.org/
23 silly mapToRegistry uri https://registry.npmjs.org/chesstron
24 verbose publish registryBase https://registry.npmjs.org/
25 silly publish uploading /Users/jgladch/.npm/chesstron/1.0.4/package.tgz
26 verbose request uri https://registry.npmjs.org/chesstron
27 verbose request sending authorization for write operation
28 info attempt registry request try #1 at 3:53:28 PM
29 verbose request id 52fcc5ac11723e1b
30 http request PUT https://registry.npmjs.org/chesstron
31 http 403 https://registry.npmjs.org/chesstron
32 verbose headers { 'content-type': 'application/json',
32 verbose headers   'cache-control': 'max-age=300',
32 verbose headers   'content-length': '95',
32 verbose headers   'accept-ranges': 'bytes',
32 verbose headers   date: 'Thu, 17 Dec 2015 23:53:28 GMT',
32 verbose headers   via: '1.1 varnish',
32 verbose headers   connection: 'keep-alive',
32 verbose headers   'x-served-by': 'cache-sjc3130-SJC',
32 verbose headers   'x-cache': 'MISS',
32 verbose headers   'x-cache-hits': '0',
32 verbose headers   'x-timer': 'S1450396408.782183,VS0,VE88' }
33 verbose request invalidating /Users/jgladch/.npm/registry.npmjs.org/chesstron on PUT
34 error publish Failed PUT 403
35 verbose stack Error: "You cannot publish over the previously published version 1.0.4." : chesstron
35 verbose stack     at makeError (/usr/local/lib/node_modules/npm/node_modules/npm-registry-client/lib/request.js:264:12)
35 verbose stack     at CachingRegistryClient.<anonymous> (/usr/local/lib/node_modules/npm/node_modules/npm-registry-client/lib/request.js:252:14)
35 verbose stack     at Request._callback (/usr/local/lib/node_modules/npm/node_modules/npm-registry-client/lib/request.js:172:14)
35 verbose stack     at Request.self.callback (/usr/local/lib/node_modules/npm/node_modules/request/request.js:198:22)
35 verbose stack     at emitTwo (events.js:87:13)
35 verbose stack     at Request.emit (events.js:172:7)
35 verbose stack     at Request.<anonymous> (/usr/local/lib/node_modules/npm/node_modules/request/request.js:1082:10)
35 verbose stack     at emitOne (events.js:82:20)
35 verbose stack     at Request.emit (events.js:169:7)
35 verbose stack     at IncomingMessage.<anonymous> (/usr/local/lib/node_modules/npm/node_modules/request/request.js:1009:12)
36 verbose statusCode 403
37 verbose pkgid chesstron
38 verbose cwd /Users/jgladch/projects/chesstron
39 error Darwin 15.0.0
40 error argv "/usr/local/bin/node" "/usr/local/bin/npm" "publish"
41 error node v5.0.0
42 error npm  v3.5.2
43 error code E403
44 error "You cannot publish over the previously published version 1.0.4." : chesstron
45 error If you need help, you may report this error at:
45 error     <https://github.com/npm/npm/issues>
46 verbose exit [ 1, true ]
